<?xml version="1.0" encoding="utf-8"?>
<TestRun id="ef53d1fa-457d-4bce-91b3-7e3251405c94" name="me@SOMETESTPC 2022-09-23 06:07:17" runUser="me" xmlns="http://microsoft.com/schemas/VisualStudio/TeamTest/2010">
  <Times creation="2022-09-23T06:07:17.8838235+12:00" queuing="2022-09-23T06:07:17.8838239+12:00" start="2022-09-23T06:07:17.3271181+12:00" finish="2022-09-23T06:07:17.8886855+12:00" />
  <TestSettings name="default" id="9dc4767e-ee96-4d9b-81c1-bd317964d67d">
    <Deployment runDeploymentRoot="Sample" />
  </TestSettings>
  <TestLists>
    <TestList name="Results Not in a List" id="8c84fa94-04c1-424b-9868-57a2d4851a1d" />
    <TestList name="All Loaded Results" id="19431567-8539-422a-85d7-44ee4e166bda" />
  </TestLists>
  <ResultSummary outcome="Completed">
    <Counters total="0" executed="0" passed="0" failed="0" error="0" timeout="0" aborted="0" inconclusive="0" passedButRunAborted="0" notRunnable="0" notExecuted="0" disconnected="0" warning="0" completed="0" inProgress="0" pending="0" />
    <RunInfos>
      <RunInfo computerName="SOMETESTPC" outcome="Error" timestamp="2022-09-23T06:07:17.3271181+12:00">
        <Text>
          Testhost process exited with error: It was not possible to find any compatible framework version&#xD;
          The framework 'Microsoft.NETCore.App', version '6.0.18' (x86) was not found.&#xD;
          - The following frameworks were found:&#xD;
          3.1.16 at [C:\Program Files (x86)\dotnet\shared\Microsoft.NETCore.App]&#xD;
          3.1.19 at [C:\Program Files (x86)\dotnet\shared\Microsoft.NETCore.App]&#xD;
          3.1.32 at [C:\Program Files (x86)\dotnet\shared\Microsoft.NETCore.App]&#xD;
          5.0.7 at [C:\Program Files (x86)\dotnet\shared\Microsoft.NETCore.App]&#xD;
          5.0.10 at [C:\Program Files (x86)\dotnet\shared\Microsoft.NETCore.App]&#xD;
          5.0.17 at [C:\Program Files (x86)\dotnet\shared\Microsoft.NETCore.App]&#xD;
          6.0.4 at [C:\Program Files (x86)\dotnet\shared\Microsoft.NETCore.App]&#xD;
          You can resolve the problem by installing the specified framework and/or SDK.&#xD;
          The specified framework can be found at:&#xD;
          - https://aka.ms/dotnet-core-applaunch?framework=Microsoft.NETCore.App&amp;framework_version=6.0.18&amp;arch=x86&amp;rid=win81-x86&#xD;
          . Please check the diagnostic logs for more information.
        </Text>
      </RunInfo>
      <RunInfo computerName="SOMETESTPC" outcome="Warning" timestamp="2022-09-23T06:07:17.3271181+12:00">
        <Text>Data collector 'Blame' message: All tests finished running, Sequence file will not be generated.</Text>
      </RunInfo>
    </RunInfos>
  </ResultSummary>
</TestRun>