<?xml version="1.0" encoding="utf-8"?>
<TestRun id="ef53d1fa-457d-4bce-91b3-7e3251405c94" name="me@SOMETESTPC 2022-09-23 06:07:17" runUser="me" xmlns="http://microsoft.com/schemas/VisualStudio/TeamTest/2010">
  <Times creation="2022-09-23T06:07:17.8838235+12:00" queuing="2022-09-23T06:07:17.8838239+12:00" start="2022-09-23T06:07:17.3271181+12:00" finish="2022-09-23T06:07:17.8886855+12:00" />
  <TestSettings name="default" id="9dc4767e-ee96-4d9b-81c1-bd317964d67d">
    <Deployment runDeploymentRoot="Sample" />
  </TestSettings>
  <Results>
    <UnitTestResult executionId="b0bda35d-15a7-4abd-a975-cf3ed47597b2" testId="a5a3dae4-4114-cafa-46c2-9705a0b04c7c" testName="Given_a_single_trx_file_content_When_merging_Then_return_the_unit_test_results_from_that_file" computerName="SOMETESTPC" duration="00:00:00.0016900" startTime="2022-09-23T06:07:17.7806675+12:00" endTime="2022-09-23T06:07:17.7823048+12:00" testType="13cdc9d9-ddb5-4fa4-a97d-d965ccfc6d4b" outcome="Passed" testListId="8c84fa94-04c1-424b-9868-57a2d4851a1d" relativeResultsDirectory="b0bda35d-15a7-4abd-a975-cf3ed47597b2" />
  </Results>
  <TestDefinitions>
    <UnitTest name="Given_a_single_trx_file_content_When_merging_Then_return_the_unit_test_results_from_that_file" storage="d:\dev\trxfileparser\trxfileparsertests\bin\debug\net6.0\trxfileparsertests.dll" id="a5a3dae4-4114-cafa-46c2-9705a0b04c7c">
      <Execution id="b0bda35d-15a7-4abd-a975-cf3ed47597b2" />
      <TestMethod codeBase="D:\dev\TrxFileParser\TrxFileParserTests\bin\Debug\net6.0\TrxFileParserTests.dll" adapterTypeName="executor://nunit3testexecutor/" className="TrxFileParserTests.Utility.TestResultMergerTests" name="Given_a_single_trx_file_content_When_merging_Then_return_the_unit_test_results_from_that_file" />
    </UnitTest>
  </TestDefinitions>
  <TestEntries>
    <TestEntry testId="a5a3dae4-4114-cafa-46c2-9705a0b04c7c" executionId="b0bda35d-15a7-4abd-a975-cf3ed47597b2" testListId="8c84fa94-04c1-424b-9868-57a2d4851a1d" />
  </TestEntries>
  <TestLists>
    <TestList name="Results Not in a List" id="8c84fa94-04c1-424b-9868-57a2d4851a1d" />
    <TestList name="All Loaded Results" id="19431567-8539-422a-85d7-44ee4e166bda" />
  </TestLists>
  <ResultSummary outcome="Completed">
    <Counters total="1" executed="1" passed="1" failed="0" error="0" timeout="0" aborted="0" inconclusive="0" passedButRunAborted="0" notRunnable="0" notExecuted="0" disconnected="0" warning="0" completed="0" inProgress="0" pending="0" />
    <Output>
      <StdOut>NUnit Adapter 4.2.0.0: Test execution started&#xD;
Running all tests in D:\dev\TrxFileParser\TrxFileParserTests\bin\Debug\net6.0\TrxFileParserTests.dll&#xD;
   NUnit3TestExecutor discovered 1 of 1 NUnit test cases using Current Discovery mode, Non-Explicit run&#xD;
NUnit Adapter 4.2.0.0: Test execution complete&#xD;
</StdOut>
    </Output>
  </ResultSummary>
</TestRun>